<?xml version="1.0" encoding="UTF-8"?>
<!-- Generated by org.testng.reporters.JUnitXMLReporter -->
<testsuite ignored="0" hostname="omar-VirtualBox" failures="2" tests="3" name="Test2" time="0.083" errors="0" timestamp="2021-05-24T12:59:17 CEST">
  <testcase classname="webUITests.WebUITests" name="navigateToURL" time="0.0">
    <failure type="org.testng.TestNGException" message="
Parameter &amp;apos;url&amp;apos; is required by @Test on method navigateToURL but has not been marked @Optional or defined
in /home/omar/eclipse-workspace/SiteSnap/tests/webUITests/testng.xml">
      <![CDATA[org.testng.TestNGException: 
Parameter 'url' is required by @Test on method navigateToURL but has not been marked @Optional or defined
in /home/omar/eclipse-workspace/SiteSnap/tests/webUITests/testng.xml
at java.base/java.util.ArrayList.forEach(ArrayList.java:1511)
... Removed 26 stack frames]]>
    </failure>
  </testcase> <!-- navigateToURL -->
  <testcase classname="webUITests.WebUITests" name="openBrowserHeadless" time="0.0">
    <failure type="org.testng.TestNGException" message="
Parameter &amp;apos;browser&amp;apos; is required by @Test on method openBrowserHeadless but has not been marked @Optional or defined
in /home/omar/eclipse-workspace/SiteSnap/tests/webUITests/testng.xml">
      <![CDATA[org.testng.TestNGException: 
Parameter 'browser' is required by @Test on method openBrowserHeadless but has not been marked @Optional or defined
in /home/omar/eclipse-workspace/SiteSnap/tests/webUITests/testng.xml
at java.base/java.util.ArrayList.forEach(ArrayList.java:1511)
... Removed 26 stack frames]]>
    </failure>
  </testcase> <!-- openBrowserHeadless -->
  <testcase classname="webUITests.WebUITests" name="takescreenshot" time="0.066"/>
</testsuite> <!-- Test2 -->
